{"/home/runner/workspace/server/db.ts": {"path":"/home/runner/workspace/server/db.ts","statementMap":{"0":{"start":{"line":1,"column":0},"end":{"line":1,"column":48}},"1":{"start":{"line":2,"column":0},"end":{"line":2,"column":63}},"2":{"start":{"line":3,"column":0},"end":{"line":3,"column":69}},"3":{"start":{"line":4,"column":0},"end":{"line":4,"column":32}},"4":{"start":{"line":5,"column":0},"end":{"line":5,"column":41}},"5":{"start":{"line":7,"column":0},"end":{"line":11,"column":1}},"6":{"start":{"line":8,"column":2},"end":{"line":10,"column":4}},"7":{"start":{"line":16,"column":20},"end":{"line":18,"column":65}},"8":{"start":{"line":22,"column":0},"end":{"line":30,"column":1}},"9":{"start":{"line":24,"column":22},"end":{"line":24,"column":56}},"10":{"start":{"line":25,"column":2},"end":{"line":25,"column":48}},"11":{"start":{"line":28,"column":14},"end":{"line":28,"column":44}},"12":{"start":{"line":29,"column":2},"end":{"line":29,"column":36}}},"fnMap":{},"branchMap":{"0":{"loc":{"start":{"line":7,"column":0},"end":{"line":11,"column":1}},"type":"if","locations":[{"start":{"line":7,"column":0},"end":{"line":11,"column":1}}]},"1":{"loc":{"start":{"line":16,"column":20},"end":{"line":18,"column":65}},"type":"binary-expr","locations":[{"start":{"line":16,"column":20},"end":{"line":16,"column":51}},{"start":{"line":17,"column":19},"end":{"line":17,"column":65}},{"start":{"line":18,"column":19},"end":{"line":18,"column":65}}]},"2":{"loc":{"start":{"line":22,"column":0},"end":{"line":30,"column":1}},"type":"if","locations":[{"start":{"line":22,"column":0},"end":{"line":30,"column":1}},{"start":{"line":26,"column":7},"end":{"line":30,"column":1}}]}},"s":{"0":1,"1":1,"2":1,"3":1,"4":1,"5":1,"6":0,"7":1,"8":1,"9":1,"10":1,"11":0,"12":0},"f":{},"b":{"0":[0],"1":[1,0,0],"2":[1,0]}}
,"/home/runner/workspace/server/storage.ts": {"path":"/home/runner/workspace/server/storage.ts","statementMap":{"0":{"start":{"line":1,"column":0},"end":{"line":1,"column":66}},"1":{"start":{"line":3,"column":0},"end":{"line":3,"column":null}},"2":{"start":{"line":23,"column":0},"end":{"line":23,"column":26}},"3":{"start":{"line":24,"column":0},"end":{"line":24,"column":40}},"4":{"start":{"line":25,"column":0},"end":{"line":25,"column":42}},"5":{"start":{"line":26,"column":0},"end":{"line":26,"column":38}},"6":{"start":{"line":142,"column":33},"end":{"line":142,"column":51}},"7":{"start":{"line":143,"column":4},"end":{"line":146,"column":7}},"8":{"start":{"line":150,"column":22},"end":{"line":150,"column":32}},"9":{"start":{"line":151,"column":4},"end":{"line":160,"column":5}},"10":{"start":{"line":152,"column":21},"end":{"line":152,"column":74}},"11":{"start":{"line":153,"column":23},"end":{"line":153,"column":45}},"12":{"start":{"line":154,"column":6},"end":{"line":154,"column":58}},"13":{"start":{"line":155,"column":6},"end":{"line":155,"column":31}},"14":{"start":{"line":157,"column":23},"end":{"line":157,"column":45}},"15":{"start":{"line":158,"column":6},"end":{"line":158,"column":65}},"16":{"start":{"line":159,"column":6},"end":{"line":159,"column":18}},"17":{"start":{"line":164,"column":22},"end":{"line":164,"column":32}},"18":{"start":{"line":165,"column":4},"end":{"line":174,"column":5}},"19":{"start":{"line":166,"column":21},"end":{"line":166,"column":80}},"20":{"start":{"line":167,"column":23},"end":{"line":167,"column":45}},"21":{"start":{"line":168,"column":6},"end":{"line":168,"column":54}},"22":{"start":{"line":169,"column":6},"end":{"line":169,"column":31}},"23":{"start":{"line":171,"column":23},"end":{"line":171,"column":45}},"24":{"start":{"line":172,"column":6},"end":{"line":172,"column":72}},"25":{"start":{"line":173,"column":6},"end":{"line":173,"column":18}},"26":{"start":{"line":185,"column":19},"end":{"line":189,"column":18}},"27":{"start":{"line":190,"column":4},"end":{"line":190,"column":29}},"28":{"start":{"line":197,"column":19},"end":{"line":201,"column":18}},"29":{"start":{"line":202,"column":4},"end":{"line":202,"column":29}},"30":{"start":{"line":209,"column":19},"end":{"line":213,"column":18}},"31":{"start":{"line":214,"column":4},"end":{"line":214,"column":29}},"32":{"start":{"line":218,"column":19},"end":{"line":218,"column":72}},"33":{"start":{"line":219,"column":4},"end":{"line":219,"column":16}},"34":{"start":{"line":223,"column":4},"end":{"line":226,"column":17}},"35":{"start":{"line":231,"column":4},"end":{"line":231,"column":87}},"36":{"start":{"line":235,"column":4},"end":{"line":238,"column":17}},"37":{"start":{"line":261,"column":21},"end":{"line":261,"column":23}},"38":{"start":{"line":264,"column":4},"end":{"line":273,"column":5}},"39":{"start":{"line":265,"column":6},"end":{"line":272,"column":8}},"40":{"start":{"line":276,"column":4},"end":{"line":278,"column":5}},"41":{"start":{"line":277,"column":6},"end":{"line":277,"column":62}},"42":{"start":{"line":281,"column":4},"end":{"line":283,"column":5}},"43":{"start":{"line":282,"column":6},"end":{"line":282,"column":54}},"44":{"start":{"line":286,"column":4},"end":{"line":288,"column":5}},"45":{"start":{"line":287,"column":6},"end":{"line":287,"column":69}},"46":{"start":{"line":291,"column":4},"end":{"line":304,"column":5}},"47":{"start":{"line":292,"column":25},"end":{"line":292,"column":47}},"48":{"start":{"line":293,"column":6},"end":{"line":293,"column":38}},"49":{"start":{"line":295,"column":23},"end":{"line":295,"column":45}},"50":{"start":{"line":296,"column":6},"end":{"line":296,"column":41}},"51":{"start":{"line":298,"column":6},"end":{"line":303,"column":8}},"52":{"start":{"line":307,"column":4},"end":{"line":309,"column":5}},"53":{"start":{"line":308,"column":6},"end":{"line":308,"column":68}},"54":{"start":{"line":310,"column":4},"end":{"line":312,"column":5}},"55":{"start":{"line":311,"column":6},"end":{"line":311,"column":68}},"56":{"start":{"line":315,"column":4},"end":{"line":317,"column":5}},"57":{"start":{"line":316,"column":6},"end":{"line":316,"column":50}},"58":{"start":{"line":320,"column":4},"end":{"line":322,"column":5}},"59":{"start":{"line":321,"column":6},"end":{"line":321,"column":53}},"60":{"start":{"line":325,"column":4},"end":{"line":335,"column":5}},"61":{"start":{"line":326,"column":43},"end":{"line":326,"column":57}},"62":{"start":{"line":327,"column":6},"end":{"line":334,"column":8}},"63":{"start":{"line":338,"column":26},"end":{"line":343,"column":16}},"64":{"start":{"line":345,"column":4},"end":{"line":345,"column":25}},"65":{"start":{"line":349,"column":21},"end":{"line":349,"column":78}},"66":{"start":{"line":350,"column":4},"end":{"line":350,"column":31}},"67":{"start":{"line":354,"column":4},"end":{"line":357,"column":17}},"68":{"start":{"line":361,"column":4},"end":{"line":366,"column":17}},"69":{"start":{"line":370,"column":24},"end":{"line":370,"column":75}},"70":{"start":{"line":371,"column":4},"end":{"line":371,"column":21}},"71":{"start":{"line":378,"column":21},"end":{"line":382,"column":18}},"72":{"start":{"line":383,"column":4},"end":{"line":383,"column":31}},"73":{"start":{"line":393,"column":21},"end":{"line":393,"column":78}},"74":{"start":{"line":394,"column":4},"end":{"line":394,"column":31}},"75":{"start":{"line":400,"column":21},"end":{"line":400,"column":78}},"76":{"start":{"line":401,"column":4},"end":{"line":401,"column":31}},"77":{"start":{"line":405,"column":4},"end":{"line":411,"column":5}},"78":{"start":{"line":406,"column":21},"end":{"line":406,"column":71}},"79":{"start":{"line":407,"column":6},"end":{"line":407,"column":61}},"80":{"start":{"line":409,"column":6},"end":{"line":409,"column":53}},"81":{"start":{"line":410,"column":6},"end":{"line":410,"column":19}},"82":{"start":{"line":419,"column":25},"end":{"line":419,"column":73}},"83":{"start":{"line":422,"column":21},"end":{"line":422,"column":null}},"84":{"start":{"line":434,"column":4},"end":{"line":455,"column":7}},"85":{"start":{"line":435,"column":24},"end":{"line":435,"column":51}},"86":{"start":{"line":436,"column":26},"end":{"line":436,"column":63}},"87":{"start":{"line":438,"column":6},"end":{"line":446,"column":7}},"88":{"start":{"line":439,"column":8},"end":{"line":445,"column":11}},"89":{"start":{"line":448,"column":22},"end":{"line":448,"column":46}},"90":{"start":{"line":449,"column":6},"end":{"line":449,"column":22}},"91":{"start":{"line":450,"column":6},"end":{"line":450,"column":30}},"92":{"start":{"line":452,"column":6},"end":{"line":454,"column":7}},"93":{"start":{"line":453,"column":8},"end":{"line":453,"column":28}},"94":{"start":{"line":458,"column":40},"end":{"line":478,"column":null}},"95":{"start":{"line":462,"column":10},"end":{"line":464,"column":15}},"96":{"start":{"line":465,"column":27},"end":{"line":465,"column":54}},"97":{"start":{"line":467,"column":8},"end":{"line":477,"column":10}},"98":{"start":{"line":481,"column":4},"end":{"line":484,"column":6}},"99":{"start":{"line":490,"column":24},"end":{"line":490,"column":79}},"100":{"start":{"line":491,"column":4},"end":{"line":491,"column":21}},"101":{"start":{"line":495,"column":4},"end":{"line":498,"column":45}},"102":{"start":{"line":502,"column":4},"end":{"line":505,"column":53}},"103":{"start":{"line":509,"column":21},"end":{"line":512,"column":36}},"104":{"start":{"line":513,"column":4},"end":{"line":513,"column":31}},"105":{"start":{"line":520,"column":21},"end":{"line":527,"column":null}},"106":{"start":{"line":529,"column":4},"end":{"line":529,"column":31}},"107":{"start":{"line":537,"column":20},"end":{"line":539,"column":null}},"108":{"start":{"line":542,"column":21},"end":{"line":546,"column":18}},"109":{"start":{"line":548,"column":4},"end":{"line":548,"column":31}},"110":{"start":{"line":552,"column":19},"end":{"line":552,"column":77}},"111":{"start":{"line":554,"column":4},"end":{"line":554,"column":20}},"112":{"start":{"line":559,"column":23},"end":{"line":567,"column":null}},"113":{"start":{"line":571,"column":4},"end":{"line":577,"column":5}},"114":{"start":{"line":572,"column":24},"end":{"line":575,"column":20}},"115":{"start":{"line":576,"column":6},"end":{"line":576,"column":21}},"116":{"start":{"line":579,"column":4},"end":{"line":579,"column":25}},"117":{"start":{"line":583,"column":18},"end":{"line":587,"column":42}},"118":{"start":{"line":589,"column":4},"end":{"line":589,"column":17}},"119":{"start":{"line":593,"column":29},"end":{"line":618,"column":16}},"120":{"start":{"line":620,"column":4},"end":{"line":620,"column":28}},"121":{"start":{"line":626,"column":4},"end":{"line":635,"column":5}},"122":{"start":{"line":627,"column":34},"end":{"line":630,"column":20}},"123":{"start":{"line":631,"column":6},"end":{"line":631,"column":31}},"124":{"start":{"line":633,"column":6},"end":{"line":633,"column":62}},"125":{"start":{"line":634,"column":6},"end":{"line":634,"column":58}},"126":{"start":{"line":639,"column":4},"end":{"line":648,"column":5}},"127":{"start":{"line":640,"column":31},"end":{"line":643,"column":42}},"128":{"start":{"line":644,"column":6},"end":{"line":644,"column":28}},"129":{"start":{"line":646,"column":6},"end":{"line":646,"column":61}},"130":{"start":{"line":647,"column":6},"end":{"line":647,"column":55}},"131":{"start":{"line":652,"column":4},"end":{"line":660,"column":5}},"132":{"start":{"line":653,"column":6},"end":{"line":656,"column":56}},"133":{"start":{"line":658,"column":6},"end":{"line":658,"column":67}},"134":{"start":{"line":659,"column":6},"end":{"line":659,"column":61}},"135":{"start":{"line":664,"column":4},"end":{"line":672,"column":5}},"136":{"start":{"line":665,"column":6},"end":{"line":668,"column":55}},"137":{"start":{"line":670,"column":6},"end":{"line":670,"column":69}},"138":{"start":{"line":671,"column":6},"end":{"line":671,"column":63}},"139":{"start":{"line":679,"column":4},"end":{"line":694,"column":5}},"140":{"start":{"line":680,"column":30},"end":{"line":680,"column":40}},"141":{"start":{"line":681,"column":6},"end":{"line":683,"column":7}},"142":{"start":{"line":682,"column":8},"end":{"line":682,"column":44}},"143":{"start":{"line":685,"column":38},"end":{"line":689,"column":20}},"144":{"start":{"line":690,"column":6},"end":{"line":690,"column":35}},"145":{"start":{"line":692,"column":6},"end":{"line":692,"column":69}},"146":{"start":{"line":693,"column":6},"end":{"line":693,"column":65}},"147":{"start":{"line":698,"column":4},"end":{"line":731,"column":5}},"148":{"start":{"line":700,"column":6},"end":{"line":725,"column":9}},"149":{"start":{"line":700,"column":40},"end":{"line":725,"column":8}},"150":{"start":{"line":702,"column":8},"end":{"line":707,"column":10}},"151":{"start":{"line":710,"column":8},"end":{"line":710,"column":77}},"152":{"start":{"line":713,"column":8},"end":{"line":718,"column":10}},"153":{"start":{"line":721,"column":8},"end":{"line":721,"column":69}},"154":{"start":{"line":724,"column":8},"end":{"line":724,"column":59}},"155":{"start":{"line":727,"column":6},"end":{"line":727,"column":18}},"156":{"start":{"line":729,"column":6},"end":{"line":729,"column":56}},"157":{"start":{"line":730,"column":6},"end":{"line":730,"column":19}},"158":{"start":{"line":735,"column":4},"end":{"line":779,"column":5}},"159":{"start":{"line":737,"column":23},"end":{"line":737,"column":80}},"160":{"start":{"line":740,"column":26},"end":{"line":740,"column":93}},"161":{"start":{"line":743,"column":38},"end":{"line":744,"column":52}},"162":{"start":{"line":747,"column":41},"end":{"line":748,"column":55}},"163":{"start":{"line":751,"column":31},"end":{"line":752,"column":47}},"164":{"start":{"line":755,"column":27},"end":{"line":756,"column":50}},"165":{"start":{"line":759,"column":30},"end":{"line":760,"column":46}},"166":{"start":{"line":762,"column":6},"end":{"line":775,"column":8}},"167":{"start":{"line":777,"column":6},"end":{"line":777,"column":57}},"168":{"start":{"line":778,"column":6},"end":{"line":778,"column":18}},"169":{"start":{"line":138,"column":0},"end":{"line":138,"column":13}},"170":{"start":{"line":783,"column":13},"end":{"line":783,"column":45}}},"fnMap":{"0":{"name":"(anonymous_8)","decl":{"start":{"line":141,"column":2},"end":{"line":141,"column":null}},"loc":{"start":{"line":141,"column":2},"end":{"line":147,"column":3}}},"1":{"name":"(anonymous_9)","decl":{"start":{"line":149,"column":8},"end":{"line":149,"column":15}},"loc":{"start":{"line":149,"column":26},"end":{"line":161,"column":null}}},"2":{"name":"(anonymous_11)","decl":{"start":{"line":163,"column":8},"end":{"line":163,"column":22}},"loc":{"start":{"line":163,"column":36},"end":{"line":175,"column":null}}},"3":{"name":"(anonymous_13)","decl":{"start":{"line":181,"column":8},"end":{"line":181,"column":24}},"loc":{"start":{"line":183,"column":21},"end":{"line":191,"column":null}}},"4":{"name":"(anonymous_15)","decl":{"start":{"line":193,"column":8},"end":{"line":193,"column":23}},"loc":{"start":{"line":195,"column":17},"end":{"line":203,"column":null}}},"5":{"name":"(anonymous_17)","decl":{"start":{"line":205,"column":8},"end":{"line":205,"column":27}},"loc":{"start":{"line":207,"column":21},"end":{"line":215,"column":null}}},"6":{"name":"(anonymous_19)","decl":{"start":{"line":217,"column":8},"end":{"line":217,"column":18}},"loc":{"start":{"line":217,"column":41},"end":{"line":220,"column":null}}},"7":{"name":"(anonymous_21)","decl":{"start":{"line":222,"column":8},"end":{"line":222,"column":23}},"loc":{"start":{"line":222,"column":42},"end":{"line":227,"column":null}}},"8":{"name":"(anonymous_23)","decl":{"start":{"line":229,"column":8},"end":{"line":229,"column":20}},"loc":{"start":{"line":229,"column":20},"end":{"line":232,"column":null}}},"9":{"name":"(anonymous_25)","decl":{"start":{"line":234,"column":8},"end":{"line":234,"column":27}},"loc":{"start":{"line":234,"column":44},"end":{"line":239,"column":null}}},"10":{"name":"(anonymous_27)","decl":{"start":{"line":241,"column":8},"end":{"line":241,"column":20}},"loc":{"start":{"line":259,"column":5},"end":{"line":346,"column":null}}},"11":{"name":"(anonymous_29)","decl":{"start":{"line":348,"column":8},"end":{"line":348,"column":17}},"loc":{"start":{"line":348,"column":28},"end":{"line":351,"column":null}}},"12":{"name":"(anonymous_31)","decl":{"start":{"line":353,"column":8},"end":{"line":353,"column":25}},"loc":{"start":{"line":353,"column":44},"end":{"line":358,"column":null}}},"13":{"name":"(anonymous_33)","decl":{"start":{"line":360,"column":8},"end":{"line":360,"column":26}},"loc":{"start":{"line":360,"column":43},"end":{"line":367,"column":null}}},"14":{"name":"(anonymous_35)","decl":{"start":{"line":369,"column":8},"end":{"line":369,"column":20}},"loc":{"start":{"line":369,"column":41},"end":{"line":372,"column":null}}},"15":{"name":"(anonymous_37)","decl":{"start":{"line":374,"column":8},"end":{"line":374,"column":26}},"loc":{"start":{"line":376,"column":18},"end":{"line":384,"column":null}}},"16":{"name":"(anonymous_39)","decl":{"start":{"line":386,"column":8},"end":{"line":386,"column":32}},"loc":{"start":{"line":389,"column":18},"end":{"line":395,"column":null}}},"17":{"name":"(anonymous_41)","decl":{"start":{"line":397,"column":8},"end":{"line":397,"column":20}},"loc":{"start":{"line":397,"column":31},"end":{"line":402,"column":null}}},"18":{"name":"(anonymous_43)","decl":{"start":{"line":404,"column":8},"end":{"line":404,"column":20}},"loc":{"start":{"line":404,"column":31},"end":{"line":412,"column":null}}},"19":{"name":"(anonymous_45)","decl":{"start":{"line":414,"column":8},"end":{"line":414,"column":23}},"loc":{"start":{"line":414,"column":39},"end":{"line":485,"column":null}}},"20":{"name":"(anonymous_47)","decl":{"start":{"line":434,"column":25},"end":{"line":434,"column":26}},"loc":{"start":{"line":434,"column":36},"end":{"line":455,"column":5}}},"21":{"name":"(anonymous_48)","decl":{"start":{"line":459,"column":6},"end":{"line":459,"column":7}},"loc":{"start":{"line":459,"column":18},"end":{"line":478,"column":7}}},"22":{"name":"(anonymous_49)","decl":{"start":{"line":489,"column":8},"end":{"line":489,"column":20}},"loc":{"start":{"line":489,"column":45},"end":{"line":492,"column":null}}},"23":{"name":"(anonymous_51)","decl":{"start":{"line":494,"column":8},"end":{"line":494,"column":22}},"loc":{"start":{"line":494,"column":37},"end":{"line":499,"column":null}}},"24":{"name":"(anonymous_53)","decl":{"start":{"line":501,"column":8},"end":{"line":501,"column":28}},"loc":{"start":{"line":501,"column":47},"end":{"line":506,"column":null}}},"25":{"name":"(anonymous_55)","decl":{"start":{"line":508,"column":8},"end":{"line":508,"column":17}},"loc":{"start":{"line":508,"column":28},"end":{"line":514,"column":null}}},"26":{"name":"(anonymous_57)","decl":{"start":{"line":516,"column":8},"end":{"line":516,"column":38}},"loc":{"start":{"line":518,"column":28},"end":{"line":530,"column":null}}},"27":{"name":"(anonymous_59)","decl":{"start":{"line":532,"column":8},"end":{"line":532,"column":20}},"loc":{"start":{"line":535,"column":20},"end":{"line":549,"column":null}}},"28":{"name":"(anonymous_61)","decl":{"start":{"line":551,"column":8},"end":{"line":551,"column":20}},"loc":{"start":{"line":551,"column":31},"end":{"line":555,"column":null}}},"29":{"name":"(anonymous_63)","decl":{"start":{"line":557,"column":8},"end":{"line":557,"column":24}},"loc":{"start":{"line":557,"column":53},"end":{"line":580,"column":null}}},"30":{"name":"(anonymous_65)","decl":{"start":{"line":582,"column":8},"end":{"line":582,"column":26}},"loc":{"start":{"line":582,"column":41},"end":{"line":590,"column":null}}},"31":{"name":"(anonymous_67)","decl":{"start":{"line":592,"column":8},"end":{"line":592,"column":33}},"loc":{"start":{"line":592,"column":48},"end":{"line":621,"column":null}}},"32":{"name":"(anonymous_69)","decl":{"start":{"line":623,"column":8},"end":{"line":623,"column":28}},"loc":{"start":{"line":624,"column":40},"end":{"line":636,"column":null}}},"33":{"name":"(anonymous_71)","decl":{"start":{"line":638,"column":8},"end":{"line":638,"column":25}},"loc":{"start":{"line":638,"column":36},"end":{"line":649,"column":null}}},"34":{"name":"(anonymous_73)","decl":{"start":{"line":651,"column":8},"end":{"line":651,"column":30}},"loc":{"start":{"line":651,"column":45},"end":{"line":661,"column":null}}},"35":{"name":"(anonymous_75)","decl":{"start":{"line":663,"column":8},"end":{"line":663,"column":32}},"loc":{"start":{"line":663,"column":49},"end":{"line":673,"column":null}}},"36":{"name":"(anonymous_77)","decl":{"start":{"line":675,"column":8},"end":{"line":675,"column":34}},"loc":{"start":{"line":677,"column":18},"end":{"line":695,"column":null}}},"37":{"name":"(anonymous_79)","decl":{"start":{"line":697,"column":8},"end":{"line":697,"column":25}},"loc":{"start":{"line":697,"column":40},"end":{"line":732,"column":null}}},"38":{"name":"(anonymous_81)","decl":{"start":{"line":700,"column":27},"end":{"line":700,"column":34}},"loc":{"start":{"line":700,"column":40},"end":{"line":725,"column":8}}},"39":{"name":"(anonymous_82)","decl":{"start":{"line":700,"column":40},"end":{"line":700,"column":null}},"loc":{"start":{"line":700,"column":40},"end":{"line":725,"column":7}}},"40":{"name":"(anonymous_83)","decl":{"start":{"line":734,"column":8},"end":{"line":734,"column":22}},"loc":{"start":{"line":734,"column":37},"end":{"line":780,"column":null}}}},"branchMap":{"0":{"loc":{"start":{"line":155,"column":13},"end":{"line":155,"column":30}},"type":"binary-expr","locations":[{"start":{"line":155,"column":13},"end":{"line":155,"column":17}},{"start":{"line":155,"column":21},"end":{"line":155,"column":30}}]},"1":{"loc":{"start":{"line":169,"column":13},"end":{"line":169,"column":30}},"type":"binary-expr","locations":[{"start":{"line":169,"column":13},"end":{"line":169,"column":17}},{"start":{"line":169,"column":21},"end":{"line":169,"column":30}}]},"2":{"loc":{"start":{"line":190,"column":11},"end":{"line":190,"column":28}},"type":"binary-expr","locations":[{"start":{"line":190,"column":11},"end":{"line":190,"column":15}},{"start":{"line":190,"column":19},"end":{"line":190,"column":28}}]},"3":{"loc":{"start":{"line":202,"column":11},"end":{"line":202,"column":28}},"type":"binary-expr","locations":[{"start":{"line":202,"column":11},"end":{"line":202,"column":15}},{"start":{"line":202,"column":19},"end":{"line":202,"column":28}}]},"4":{"loc":{"start":{"line":214,"column":11},"end":{"line":214,"column":28}},"type":"binary-expr","locations":[{"start":{"line":214,"column":11},"end":{"line":214,"column":15}},{"start":{"line":214,"column":19},"end":{"line":214,"column":28}}]},"5":{"loc":{"start":{"line":264,"column":4},"end":{"line":273,"column":5}},"type":"if","locations":[{"start":{"line":264,"column":4},"end":{"line":273,"column":5}}]},"6":{"loc":{"start":{"line":276,"column":4},"end":{"line":278,"column":5}},"type":"if","locations":[{"start":{"line":276,"column":4},"end":{"line":278,"column":5}}]},"7":{"loc":{"start":{"line":276,"column":8},"end":{"line":276,"column":55}},"type":"binary-expr","locations":[{"start":{"line":276,"column":8},"end":{"line":276,"column":25}},{"start":{"line":276,"column":29},"end":{"line":276,"column":55}}]},"8":{"loc":{"start":{"line":276,"column":8},"end":{"line":276,"column":25}},"type":"cond-expr","locations":[{"start":{"line":276,"column":15},"end":{"line":276,"column":17}},{"start":{"line":276,"column":8},"end":{"line":276,"column":25}}]},"9":{"loc":{"start":{"line":276,"column":8},"end":{"line":276,"column":17}},"type":"binary-expr","locations":[{"start":{"line":276,"column":8},"end":{"line":276,"column":17}},{"start":{"line":276,"column":8},"end":{"line":276,"column":17}}]},"10":{"loc":{"start":{"line":281,"column":4},"end":{"line":283,"column":5}},"type":"if","locations":[{"start":{"line":281,"column":4},"end":{"line":283,"column":5}}]},"11":{"loc":{"start":{"line":281,"column":8},"end":{"line":281,"column":47}},"type":"binary-expr","locations":[{"start":{"line":281,"column":8},"end":{"line":281,"column":21}},{"start":{"line":281,"column":25},"end":{"line":281,"column":47}}]},"12":{"loc":{"start":{"line":281,"column":8},"end":{"line":281,"column":21}},"type":"cond-expr","locations":[{"start":{"line":281,"column":15},"end":{"line":281,"column":17}},{"start":{"line":281,"column":8},"end":{"line":281,"column":21}}]},"13":{"loc":{"start":{"line":281,"column":8},"end":{"line":281,"column":17}},"type":"binary-expr","locations":[{"start":{"line":281,"column":8},"end":{"line":281,"column":17}},{"start":{"line":281,"column":8},"end":{"line":281,"column":17}}]},"14":{"loc":{"start":{"line":286,"column":4},"end":{"line":288,"column":5}},"type":"if","locations":[{"start":{"line":286,"column":4},"end":{"line":288,"column":5}}]},"15":{"loc":{"start":{"line":286,"column":8},"end":{"line":286,"column":25}},"type":"cond-expr","locations":[{"start":{"line":286,"column":15},"end":{"line":286,"column":17}},{"start":{"line":286,"column":8},"end":{"line":286,"column":25}}]},"16":{"loc":{"start":{"line":286,"column":8},"end":{"line":286,"column":17}},"type":"binary-expr","locations":[{"start":{"line":286,"column":8},"end":{"line":286,"column":17}},{"start":{"line":286,"column":8},"end":{"line":286,"column":17}}]},"17":{"loc":{"start":{"line":291,"column":4},"end":{"line":304,"column":5}},"type":"if","locations":[{"start":{"line":291,"column":4},"end":{"line":304,"column":5}}]},"18":{"loc":{"start":{"line":291,"column":8},"end":{"line":291,"column":21}},"type":"cond-expr","locations":[{"start":{"line":291,"column":15},"end":{"line":291,"column":17}},{"start":{"line":291,"column":8},"end":{"line":291,"column":21}}]},"19":{"loc":{"start":{"line":291,"column":8},"end":{"line":291,"column":17}},"type":"binary-expr","locations":[{"start":{"line":291,"column":8},"end":{"line":291,"column":17}},{"start":{"line":291,"column":8},"end":{"line":291,"column":17}}]},"20":{"loc":{"start":{"line":307,"column":4},"end":{"line":309,"column":5}},"type":"if","locations":[{"start":{"line":307,"column":4},"end":{"line":309,"column":5}}]},"21":{"loc":{"start":{"line":307,"column":8},"end":{"line":307,"column":25}},"type":"cond-expr","locations":[{"start":{"line":307,"column":15},"end":{"line":307,"column":17}},{"start":{"line":307,"column":8},"end":{"line":307,"column":25}}]},"22":{"loc":{"start":{"line":307,"column":8},"end":{"line":307,"column":17}},"type":"binary-expr","locations":[{"start":{"line":307,"column":8},"end":{"line":307,"column":17}},{"start":{"line":307,"column":8},"end":{"line":307,"column":17}}]},"23":{"loc":{"start":{"line":310,"column":4},"end":{"line":312,"column":5}},"type":"if","locations":[{"start":{"line":310,"column":4},"end":{"line":312,"column":5}}]},"24":{"loc":{"start":{"line":310,"column":8},"end":{"line":310,"column":25}},"type":"cond-expr","locations":[{"start":{"line":310,"column":15},"end":{"line":310,"column":17}},{"start":{"line":310,"column":8},"end":{"line":310,"column":25}}]},"25":{"loc":{"start":{"line":310,"column":8},"end":{"line":310,"column":17}},"type":"binary-expr","locations":[{"start":{"line":310,"column":8},"end":{"line":310,"column":17}},{"start":{"line":310,"column":8},"end":{"line":310,"column":17}}]},"26":{"loc":{"start":{"line":315,"column":4},"end":{"line":317,"column":5}},"type":"if","locations":[{"start":{"line":315,"column":4},"end":{"line":317,"column":5}}]},"27":{"loc":{"start":{"line":315,"column":8},"end":{"line":315,"column":25}},"type":"cond-expr","locations":[{"start":{"line":315,"column":15},"end":{"line":315,"column":17}},{"start":{"line":315,"column":8},"end":{"line":315,"column":25}}]},"28":{"loc":{"start":{"line":315,"column":8},"end":{"line":315,"column":17}},"type":"binary-expr","locations":[{"start":{"line":315,"column":8},"end":{"line":315,"column":17}},{"start":{"line":315,"column":8},"end":{"line":315,"column":17}}]},"29":{"loc":{"start":{"line":320,"column":4},"end":{"line":322,"column":5}},"type":"if","locations":[{"start":{"line":320,"column":4},"end":{"line":322,"column":5}}]},"30":{"loc":{"start":{"line":320,"column":8},"end":{"line":320,"column":28}},"type":"cond-expr","locations":[{"start":{"line":320,"column":15},"end":{"line":320,"column":17}},{"start":{"line":320,"column":8},"end":{"line":320,"column":28}}]},"31":{"loc":{"start":{"line":320,"column":8},"end":{"line":320,"column":17}},"type":"binary-expr","locations":[{"start":{"line":320,"column":8},"end":{"line":320,"column":17}},{"start":{"line":320,"column":8},"end":{"line":320,"column":17}}]},"32":{"loc":{"start":{"line":325,"column":4},"end":{"line":335,"column":5}},"type":"if","locations":[{"start":{"line":325,"column":4},"end":{"line":335,"column":5}}]},"33":{"loc":{"start":{"line":325,"column":8},"end":{"line":325,"column":23}},"type":"cond-expr","locations":[{"start":{"line":325,"column":15},"end":{"line":325,"column":17}},{"start":{"line":325,"column":8},"end":{"line":325,"column":23}}]},"34":{"loc":{"start":{"line":325,"column":8},"end":{"line":325,"column":17}},"type":"binary-expr","locations":[{"start":{"line":325,"column":8},"end":{"line":325,"column":17}},{"start":{"line":325,"column":8},"end":{"line":325,"column":17}}]},"35":{"loc":{"start":{"line":341,"column":13},"end":{"line":341,"column":63}},"type":"cond-expr","locations":[{"start":{"line":341,"column":33},"end":{"line":341,"column":51}},{"start":{"line":341,"column":54},"end":{"line":341,"column":63}}]},"36":{"loc":{"start":{"line":350,"column":11},"end":{"line":350,"column":30}},"type":"binary-expr","locations":[{"start":{"line":350,"column":11},"end":{"line":350,"column":17}},{"start":{"line":350,"column":21},"end":{"line":350,"column":30}}]},"37":{"loc":{"start":{"line":383,"column":11},"end":{"line":383,"column":30}},"type":"binary-expr","locations":[{"start":{"line":383,"column":11},"end":{"line":383,"column":17}},{"start":{"line":383,"column":21},"end":{"line":383,"column":30}}]},"38":{"loc":{"start":{"line":394,"column":11},"end":{"line":394,"column":30}},"type":"binary-expr","locations":[{"start":{"line":394,"column":11},"end":{"line":394,"column":17}},{"start":{"line":394,"column":21},"end":{"line":394,"column":30}}]},"39":{"loc":{"start":{"line":401,"column":11},"end":{"line":401,"column":30}},"type":"binary-expr","locations":[{"start":{"line":401,"column":11},"end":{"line":401,"column":17}},{"start":{"line":401,"column":21},"end":{"line":401,"column":30}}]},"40":{"loc":{"start":{"line":407,"column":13},"end":{"line":407,"column":60}},"type":"binary-expr","locations":[{"start":{"line":407,"column":13},"end":{"line":407,"column":37}},{"start":{"line":407,"column":41},"end":{"line":407,"column":60}}]},"41":{"loc":{"start":{"line":435,"column":24},"end":{"line":435,"column":51}},"type":"binary-expr","locations":[{"start":{"line":435,"column":24},"end":{"line":435,"column":38}},{"start":{"line":435,"column":42},"end":{"line":435,"column":51}}]},"42":{"loc":{"start":{"line":436,"column":26},"end":{"line":436,"column":63}},"type":"binary-expr","locations":[{"start":{"line":436,"column":26},"end":{"line":436,"column":40}},{"start":{"line":436,"column":44},"end":{"line":436,"column":63}}]},"43":{"loc":{"start":{"line":438,"column":6},"end":{"line":446,"column":7}},"type":"if","locations":[{"start":{"line":438,"column":6},"end":{"line":446,"column":7}}]},"44":{"loc":{"start":{"line":452,"column":6},"end":{"line":454,"column":7}},"type":"if","locations":[{"start":{"line":452,"column":6},"end":{"line":454,"column":7}}]},"45":{"loc":{"start":{"line":462,"column":10},"end":{"line":464,"column":15}},"type":"cond-expr","locations":[{"start":{"line":463,"column":14},"end":{"line":463,"column":65}},{"start":{"line":464,"column":14},"end":{"line":464,"column":15}}]},"46":{"loc":{"start":{"line":474,"column":12},"end":{"line":476,"column":17}},"type":"cond-expr","locations":[{"start":{"line":475,"column":16},"end":{"line":475,"column":60}},{"start":{"line":476,"column":16},"end":{"line":476,"column":17}}]},"47":{"loc":{"start":{"line":513,"column":11},"end":{"line":513,"column":30}},"type":"binary-expr","locations":[{"start":{"line":513,"column":11},"end":{"line":513,"column":17}},{"start":{"line":513,"column":21},"end":{"line":513,"column":30}}]},"48":{"loc":{"start":{"line":529,"column":11},"end":{"line":529,"column":30}},"type":"binary-expr","locations":[{"start":{"line":529,"column":11},"end":{"line":529,"column":17}},{"start":{"line":529,"column":21},"end":{"line":529,"column":30}}]},"49":{"loc":{"start":{"line":539,"column":10},"end":{"line":539,"column":46}},"type":"binary-expr","locations":[{"start":{"line":539,"column":10},"end":{"line":539,"column":31}},{"start":{"line":539,"column":35},"end":{"line":539,"column":46}}]},"50":{"loc":{"start":{"line":548,"column":11},"end":{"line":548,"column":30}},"type":"binary-expr","locations":[{"start":{"line":548,"column":11},"end":{"line":548,"column":17}},{"start":{"line":548,"column":21},"end":{"line":548,"column":30}}]},"51":{"loc":{"start":{"line":571,"column":4},"end":{"line":577,"column":5}},"type":"if","locations":[{"start":{"line":571,"column":4},"end":{"line":577,"column":5}}]},"52":{"loc":{"start":{"line":681,"column":6},"end":{"line":683,"column":7}},"type":"if","locations":[{"start":{"line":681,"column":6},"end":{"line":683,"column":7}}]},"53":{"loc":{"start":{"line":763,"column":14},"end":{"line":763,"column":33}},"type":"binary-expr","locations":[{"start":{"line":763,"column":14},"end":{"line":763,"column":25}},{"start":{"line":763,"column":29},"end":{"line":763,"column":33}}]}},"s":{"0":1,"1":1,"2":1,"3":1,"4":1,"5":1,"6":1,"7":1,"8":0,"9":0,"10":0,"11":0,"12":0,"13":0,"14":0,"15":0,"16":0,"17":0,"18":0,"19":0,"20":0,"21":0,"22":0,"23":0,"24":0,"25":0,"26":0,"27":0,"28":0,"29":0,"30":0,"31":0,"32":0,"33":0,"34":0,"35":0,"36":0,"37":0,"38":0,"39":0,"40":0,"41":0,"42":0,"43":0,"44":0,"45":0,"46":0,"47":0,"48":0,"49":0,"50":0,"51":0,"52":0,"53":0,"54":0,"55":0,"56":0,"57":0,"58":0,"59":0,"60":0,"61":0,"62":0,"63":0,"64":0,"65":0,"66":0,"67":0,"68":0,"69":0,"70":0,"71":0,"72":0,"73":0,"74":0,"75":0,"76":0,"77":0,"78":0,"79":0,"80":0,"81":0,"82":0,"83":0,"84":0,"85":0,"86":0,"87":0,"88":0,"89":0,"90":0,"91":0,"92":0,"93":0,"94":0,"95":0,"96":0,"97":0,"98":0,"99":0,"100":0,"101":0,"102":0,"103":0,"104":0,"105":0,"106":0,"107":0,"108":0,"109":0,"110":0,"111":0,"112":0,"113":0,"114":0,"115":0,"116":0,"117":0,"118":0,"119":0,"120":0,"121":0,"122":0,"123":0,"124":0,"125":0,"126":0,"127":0,"128":0,"129":0,"130":0,"131":0,"132":0,"133":0,"134":0,"135":0,"136":0,"137":0,"138":0,"139":0,"140":0,"141":0,"142":0,"143":0,"144":0,"145":0,"146":0,"147":0,"148":0,"149":0,"150":0,"151":0,"152":0,"153":0,"154":0,"155":0,"156":0,"157":0,"158":0,"159":0,"160":0,"161":0,"162":0,"163":0,"164":0,"165":0,"166":0,"167":0,"168":0,"169":1,"170":1},"f":{"0":1,"1":0,"2":0,"3":0,"4":0,"5":0,"6":0,"7":0,"8":0,"9":0,"10":0,"11":0,"12":0,"13":0,"14":0,"15":0,"16":0,"17":0,"18":0,"19":0,"20":0,"21":0,"22":0,"23":0,"24":0,"25":0,"26":0,"27":0,"28":0,"29":0,"30":0,"31":0,"32":0,"33":0,"34":0,"35":0,"36":0,"37":0,"38":0,"39":0,"40":0},"b":{"0":[0,0],"1":[0,0],"2":[0,0],"3":[0,0],"4":[0,0],"5":[0],"6":[0],"7":[0,0],"8":[0,0],"9":[0,0],"10":[0],"11":[0,0],"12":[0,0],"13":[0,0],"14":[0],"15":[0,0],"16":[0,0],"17":[0],"18":[0,0],"19":[0,0],"20":[0],"21":[0,0],"22":[0,0],"23":[0],"24":[0,0],"25":[0,0],"26":[0],"27":[0,0],"28":[0,0],"29":[0],"30":[0,0],"31":[0,0],"32":[0],"33":[0,0],"34":[0,0],"35":[0,0],"36":[0,0],"37":[0,0],"38":[0,0],"39":[0,0],"40":[0,0],"41":[0,0],"42":[0,0],"43":[0],"44":[0],"45":[0,0],"46":[0,0],"47":[0,0],"48":[0,0],"49":[0,0],"50":[0,0],"51":[0],"52":[0],"53":[0,0]}}
,"/home/runner/workspace/server/utils/logger.ts": {"path":"/home/runner/workspace/server/utils/logger.ts","statementMap":{"0":{"start":{"line":183,"column":0},"end":{"line":183,"column":16}},"1":{"start":{"line":3,"column":0},"end":{"line":3,"column":null}},"2":{"start":{"line":4,"column":2},"end":{"line":4,"column":null}},"3":{"start":{"line":5,"column":2},"end":{"line":5,"column":null}},"4":{"start":{"line":6,"column":2},"end":{"line":6,"column":null}},"5":{"start":{"line":7,"column":2},"end":{"line":7,"column":null}},"6":{"start":{"line":25,"column":4},"end":{"line":25,"column":91}},"7":{"start":{"line":26,"column":4},"end":{"line":26,"column":63}},"8":{"start":{"line":30,"column":4},"end":{"line":35,"column":7}},"9":{"start":{"line":39,"column":4},"end":{"line":39,"column":34}},"10":{"start":{"line":43,"column":4},"end":{"line":51,"column":6}},"11":{"start":{"line":55,"column":14},"end":{"line":55,"column":86}},"12":{"start":{"line":57,"column":4},"end":{"line":59,"column":5}},"13":{"start":{"line":58,"column":6},"end":{"line":58,"column":40}},"14":{"start":{"line":61,"column":4},"end":{"line":63,"column":5}},"15":{"start":{"line":62,"column":6},"end":{"line":62,"column":46}},"16":{"start":{"line":65,"column":4},"end":{"line":65,"column":15}},"17":{"start":{"line":69,"column":4},"end":{"line":69,"column":48}},"18":{"start":{"line":69,"column":41},"end":{"line":69,"column":48}},"19":{"start":{"line":71,"column":18},"end":{"line":71,"column":89}},"20":{"start":{"line":72,"column":4},"end":{"line":72,"column":48}},"21":{"start":{"line":74,"column":4},"end":{"line":76,"column":5}},"22":{"start":{"line":75,"column":6},"end":{"line":75,"column":45}},"23":{"start":{"line":80,"column":4},"end":{"line":80,"column":47}},"24":{"start":{"line":80,"column":40},"end":{"line":80,"column":47}},"25":{"start":{"line":82,"column":18},"end":{"line":82,"column":87}},"26":{"start":{"line":83,"column":4},"end":{"line":83,"column":47}},"27":{"start":{"line":85,"column":4},"end":{"line":87,"column":5}},"28":{"start":{"line":86,"column":6},"end":{"line":86,"column":42}},"29":{"start":{"line":91,"column":4},"end":{"line":91,"column":47}},"30":{"start":{"line":91,"column":40},"end":{"line":91,"column":47}},"31":{"start":{"line":93,"column":18},"end":{"line":93,"column":87}},"32":{"start":{"line":94,"column":4},"end":{"line":94,"column":46}},"33":{"start":{"line":96,"column":4},"end":{"line":98,"column":5}},"34":{"start":{"line":97,"column":6},"end":{"line":97,"column":38}},"35":{"start":{"line":102,"column":4},"end":{"line":102,"column":48}},"36":{"start":{"line":102,"column":41},"end":{"line":102,"column":48}},"37":{"start":{"line":104,"column":18},"end":{"line":104,"column":88}},"38":{"start":{"line":105,"column":4},"end":{"line":105,"column":46}},"39":{"start":{"line":107,"column":4},"end":{"line":109,"column":5}},"40":{"start":{"line":108,"column":6},"end":{"line":108,"column":39}},"41":{"start":{"line":114,"column":19},"end":{"line":114,"column":40}},"42":{"start":{"line":115,"column":22},"end":{"line":115,"column":59}},"43":{"start":{"line":116,"column":19},"end":{"line":116,"column":33}},"44":{"start":{"line":117,"column":19},"end":{"line":117,"column":29}},"45":{"start":{"line":118,"column":16},"end":{"line":118,"column":31}},"46":{"start":{"line":121,"column":4},"end":{"line":123,"column":5}},"47":{"start":{"line":122,"column":6},"end":{"line":122,"column":13}},"48":{"start":{"line":125,"column":20},"end":{"line":125,"column":65}},"49":{"start":{"line":127,"column":4},"end":{"line":137,"column":5}},"50":{"start":{"line":128,"column":6},"end":{"line":128,"column":64}},"51":{"start":{"line":129,"column":11},"end":{"line":137,"column":5}},"52":{"start":{"line":130,"column":6},"end":{"line":130,"column":63}},"53":{"start":{"line":131,"column":11},"end":{"line":137,"column":5}},"54":{"start":{"line":133,"column":6},"end":{"line":133,"column":82}},"55":{"start":{"line":134,"column":11},"end":{"line":137,"column":5}},"56":{"start":{"line":136,"column":6},"end":{"line":136,"column":63}},"57":{"start":{"line":142,"column":4},"end":{"line":147,"column":5}},"58":{"start":{"line":143,"column":6},"end":{"line":143,"column":79}},"59":{"start":{"line":144,"column":11},"end":{"line":147,"column":5}},"60":{"start":{"line":146,"column":6},"end":{"line":146,"column":112}},"61":{"start":{"line":153,"column":21},"end":{"line":153,"column":90}},"62":{"start":{"line":154,"column":20},"end":{"line":154,"column":45}},"63":{"start":{"line":156,"column":4},"end":{"line":160,"column":5}},"64":{"start":{"line":157,"column":6},"end":{"line":157,"column":65}},"65":{"start":{"line":159,"column":6},"end":{"line":159,"column":33}},"66":{"start":{"line":165,"column":4},"end":{"line":165,"column":66}},"67":{"start":{"line":170,"column":20},"end":{"line":170,"column":53}},"68":{"start":{"line":172,"column":4},"end":{"line":176,"column":5}},"69":{"start":{"line":173,"column":6},"end":{"line":173,"column":61}},"70":{"start":{"line":175,"column":6},"end":{"line":175,"column":41}},"71":{"start":{"line":180,"column":13},"end":{"line":180,"column":35}},"72":{"start":{"line":184,"column":20},"end":{"line":184,"column":63}},"73":{"start":{"line":185,"column":2},"end":{"line":185,"column":42}},"74":{"start":{"line":187,"column":20},"end":{"line":187,"column":30}},"75":{"start":{"line":189,"column":2},"end":{"line":192,"column":5}},"76":{"start":{"line":190,"column":21},"end":{"line":190,"column":43}},"77":{"start":{"line":191,"column":4},"end":{"line":191,"column":43}},"78":{"start":{"line":194,"column":2},"end":{"line":194,"column":9}}},"fnMap":{"0":{"name":"(anonymous_0)","decl":{"start":{"line":3,"column":0},"end":{"line":3,"column":12}},"loc":{"start":{"line":3,"column":20},"end":{"line":8,"column":1}}},"1":{"name":"(anonymous_1)","decl":{"start":{"line":24,"column":2},"end":{"line":24,"column":null}},"loc":{"start":{"line":24,"column":2},"end":{"line":27,"column":3}}},"2":{"name":"(anonymous_2)","decl":{"start":{"line":29,"column":10},"end":{"line":29,"column":20}},"loc":{"start":{"line":29,"column":20},"end":{"line":36,"column":3}}},"3":{"name":"(anonymous_3)","decl":{"start":{"line":38,"column":10},"end":{"line":38,"column":19}},"loc":{"start":{"line":38,"column":35},"end":{"line":40,"column":3}}},"4":{"name":"(anonymous_4)","decl":{"start":{"line":42,"column":10},"end":{"line":42,"column":24}},"loc":{"start":{"line":42,"column":120},"end":{"line":52,"column":3}}},"5":{"name":"(anonymous_5)","decl":{"start":{"line":54,"column":10},"end":{"line":54,"column":26}},"loc":{"start":{"line":54,"column":42},"end":{"line":66,"column":3}}},"6":{"name":"(anonymous_6)","decl":{"start":{"line":68,"column":2},"end":{"line":68,"column":7}},"loc":{"start":{"line":68,"column":89},"end":{"line":77,"column":3}}},"7":{"name":"(anonymous_7)","decl":{"start":{"line":79,"column":2},"end":{"line":79,"column":6}},"loc":{"start":{"line":79,"column":87},"end":{"line":88,"column":3}}},"8":{"name":"(anonymous_8)","decl":{"start":{"line":90,"column":2},"end":{"line":90,"column":6}},"loc":{"start":{"line":90,"column":87},"end":{"line":99,"column":3}}},"9":{"name":"(anonymous_9)","decl":{"start":{"line":101,"column":2},"end":{"line":101,"column":7}},"loc":{"start":{"line":101,"column":88},"end":{"line":110,"column":3}}},"10":{"name":"(anonymous_10)","decl":{"start":{"line":113,"column":2},"end":{"line":113,"column":13}},"loc":{"start":{"line":113,"column":59},"end":{"line":138,"column":3}}},"11":{"name":"(anonymous_11)","decl":{"start":{"line":141,"column":2},"end":{"line":141,"column":13}},"loc":{"start":{"line":141,"column":94},"end":{"line":149,"column":3}}},"12":{"name":"(anonymous_12)","decl":{"start":{"line":152,"column":2},"end":{"line":152,"column":6}},"loc":{"start":{"line":152,"column":67},"end":{"line":161,"column":3}}},"13":{"name":"(anonymous_13)","decl":{"start":{"line":164,"column":2},"end":{"line":164,"column":10}},"loc":{"start":{"line":164,"column":71},"end":{"line":166,"column":3}}},"14":{"name":"(anonymous_14)","decl":{"start":{"line":169,"column":2},"end":{"line":169,"column":13}},"loc":{"start":{"line":169,"column":75},"end":{"line":177,"column":3}}},"15":{"name":"requestLoggingMiddleware","decl":{"start":{"line":183,"column":16},"end":{"line":183,"column":40}},"loc":{"start":{"line":183,"column":84},"end":{"line":195,"column":1}}},"16":{"name":"(anonymous_16)","decl":{"start":{"line":189,"column":19},"end":{"line":189,"column":22}},"loc":{"start":{"line":189,"column":24},"end":{"line":192,"column":3}}}},"branchMap":{"0":{"loc":{"start":{"line":3,"column":12},"end":{"line":3,"column":null}},"type":"binary-expr","locations":[{"start":{"line":3,"column":12},"end":{"line":3,"column":20}},{"start":{"line":3,"column":20},"end":{"line":3,"column":null}}]},"1":{"loc":{"start":{"line":25,"column":20},"end":{"line":25,"column":90}},"type":"cond-expr","locations":[{"start":{"line":25,"column":60},"end":{"line":25,"column":73}},{"start":{"line":25,"column":76},"end":{"line":25,"column":90}}]},"2":{"loc":{"start":{"line":57,"column":4},"end":{"line":59,"column":5}},"type":"if","locations":[{"start":{"line":57,"column":4},"end":{"line":59,"column":5}}]},"3":{"loc":{"start":{"line":61,"column":4},"end":{"line":63,"column":5}},"type":"if","locations":[{"start":{"line":61,"column":4},"end":{"line":63,"column":5}}]},"4":{"loc":{"start":{"line":69,"column":4},"end":{"line":69,"column":48}},"type":"if","locations":[{"start":{"line":69,"column":4},"end":{"line":69,"column":48}}]},"5":{"loc":{"start":{"line":74,"column":4},"end":{"line":76,"column":5}},"type":"if","locations":[{"start":{"line":74,"column":4},"end":{"line":76,"column":5}}]},"6":{"loc":{"start":{"line":74,"column":8},"end":{"line":74,"column":35}},"type":"binary-expr","locations":[{"start":{"line":74,"column":8},"end":{"line":74,"column":13}},{"start":{"line":74,"column":17},"end":{"line":74,"column":35}}]},"7":{"loc":{"start":{"line":80,"column":4},"end":{"line":80,"column":47}},"type":"if","locations":[{"start":{"line":80,"column":4},"end":{"line":80,"column":47}}]},"8":{"loc":{"start":{"line":85,"column":4},"end":{"line":87,"column":5}},"type":"if","locations":[{"start":{"line":85,"column":4},"end":{"line":87,"column":5}}]},"9":{"loc":{"start":{"line":85,"column":8},"end":{"line":85,"column":34}},"type":"binary-expr","locations":[{"start":{"line":85,"column":8},"end":{"line":85,"column":12}},{"start":{"line":85,"column":16},"end":{"line":85,"column":34}}]},"10":{"loc":{"start":{"line":91,"column":4},"end":{"line":91,"column":47}},"type":"if","locations":[{"start":{"line":91,"column":4},"end":{"line":91,"column":47}}]},"11":{"loc":{"start":{"line":96,"column":4},"end":{"line":98,"column":5}},"type":"if","locations":[{"start":{"line":96,"column":4},"end":{"line":98,"column":5}}]},"12":{"loc":{"start":{"line":96,"column":8},"end":{"line":96,"column":34}},"type":"binary-expr","locations":[{"start":{"line":96,"column":8},"end":{"line":96,"column":12}},{"start":{"line":96,"column":16},"end":{"line":96,"column":34}}]},"13":{"loc":{"start":{"line":102,"column":4},"end":{"line":102,"column":48}},"type":"if","locations":[{"start":{"line":102,"column":4},"end":{"line":102,"column":48}}]},"14":{"loc":{"start":{"line":107,"column":4},"end":{"line":109,"column":5}},"type":"if","locations":[{"start":{"line":107,"column":4},"end":{"line":109,"column":5}}]},"15":{"loc":{"start":{"line":107,"column":8},"end":{"line":107,"column":34}},"type":"binary-expr","locations":[{"start":{"line":107,"column":8},"end":{"line":107,"column":12}},{"start":{"line":107,"column":16},"end":{"line":107,"column":34}}]},"16":{"loc":{"start":{"line":114,"column":19},"end":{"line":114,"column":40}},"type":"cond-expr","locations":[{"start":{"line":114,"column":36},"end":{"line":114,"column":38}},{"start":{"line":114,"column":36},"end":{"line":114,"column":40}}]},"17":{"loc":{"start":{"line":114,"column":19},"end":{"line":114,"column":38}},"type":"binary-expr","locations":[{"start":{"line":114,"column":19},"end":{"line":114,"column":38}},{"start":{"line":114,"column":36},"end":{"line":114,"column":38}}]},"18":{"loc":{"start":{"line":121,"column":4},"end":{"line":123,"column":5}},"type":"if","locations":[{"start":{"line":121,"column":4},"end":{"line":123,"column":5}}]},"19":{"loc":{"start":{"line":121,"column":8},"end":{"line":121,"column":90}},"type":"binary-expr","locations":[{"start":{"line":121,"column":8},"end":{"line":121,"column":32}},{"start":{"line":121,"column":36},"end":{"line":121,"column":60}},{"start":{"line":121,"column":64},"end":{"line":121,"column":90}}]},"20":{"loc":{"start":{"line":127,"column":4},"end":{"line":137,"column":5}},"type":"if","locations":[{"start":{"line":127,"column":4},"end":{"line":137,"column":5}},{"start":{"line":129,"column":11},"end":{"line":137,"column":5}}]},"21":{"loc":{"start":{"line":129,"column":11},"end":{"line":137,"column":5}},"type":"if","locations":[{"start":{"line":129,"column":11},"end":{"line":137,"column":5}},{"start":{"line":131,"column":11},"end":{"line":137,"column":5}}]},"22":{"loc":{"start":{"line":131,"column":11},"end":{"line":137,"column":5}},"type":"if","locations":[{"start":{"line":131,"column":11},"end":{"line":137,"column":5}},{"start":{"line":134,"column":11},"end":{"line":137,"column":5}}]},"23":{"loc":{"start":{"line":134,"column":11},"end":{"line":137,"column":5}},"type":"if","locations":[{"start":{"line":134,"column":11},"end":{"line":137,"column":5}}]},"24":{"loc":{"start":{"line":134,"column":15},"end":{"line":134,"column":51}},"type":"binary-expr","locations":[{"start":{"line":134,"column":15},"end":{"line":134,"column":33}},{"start":{"line":134,"column":37},"end":{"line":134,"column":51}}]},"25":{"loc":{"start":{"line":142,"column":4},"end":{"line":147,"column":5}},"type":"if","locations":[{"start":{"line":142,"column":4},"end":{"line":147,"column":5}},{"start":{"line":144,"column":11},"end":{"line":147,"column":5}}]},"26":{"loc":{"start":{"line":144,"column":11},"end":{"line":147,"column":5}},"type":"if","locations":[{"start":{"line":144,"column":11},"end":{"line":147,"column":5}}]},"27":{"loc":{"start":{"line":153,"column":21},"end":{"line":153,"column":90}},"type":"cond-expr","locations":[{"start":{"line":153,"column":30},"end":{"line":153,"column":46}},{"start":{"line":153,"column":49},"end":{"line":153,"column":90}}]},"28":{"loc":{"start":{"line":153,"column":49},"end":{"line":153,"column":90}},"type":"cond-expr","locations":[{"start":{"line":153,"column":57},"end":{"line":153,"column":73}},{"start":{"line":153,"column":76},"end":{"line":153,"column":90}}]},"29":{"loc":{"start":{"line":156,"column":4},"end":{"line":160,"column":5}},"type":"if","locations":[{"start":{"line":156,"column":4},"end":{"line":160,"column":5}},{"start":{"line":158,"column":11},"end":{"line":160,"column":5}}]},"30":{"loc":{"start":{"line":169,"column":51},"end":{"line":169,"column":75}},"type":"default-arg","locations":[{"start":{"line":169,"column":71},"end":{"line":169,"column":75}}]},"31":{"loc":{"start":{"line":172,"column":4},"end":{"line":176,"column":5}},"type":"if","locations":[{"start":{"line":172,"column":4},"end":{"line":176,"column":5}},{"start":{"line":174,"column":11},"end":{"line":176,"column":5}}]}},"s":{"0":1,"1":1,"2":1,"3":1,"4":1,"5":1,"6":1,"7":1,"8":0,"9":0,"10":0,"11":0,"12":0,"13":0,"14":0,"15":0,"16":0,"17":0,"18":0,"19":0,"20":0,"21":0,"22":0,"23":0,"24":0,"25":0,"26":0,"27":0,"28":0,"29":0,"30":0,"31":0,"32":0,"33":0,"34":0,"35":0,"36":0,"37":0,"38":0,"39":0,"40":0,"41":0,"42":0,"43":0,"44":0,"45":0,"46":0,"47":0,"48":0,"49":0,"50":0,"51":0,"52":0,"53":0,"54":0,"55":0,"56":0,"57":0,"58":0,"59":0,"60":0,"61":0,"62":0,"63":0,"64":0,"65":0,"66":0,"67":0,"68":0,"69":0,"70":0,"71":1,"72":0,"73":0,"74":0,"75":0,"76":0,"77":0,"78":0},"f":{"0":1,"1":1,"2":0,"3":0,"4":0,"5":0,"6":0,"7":0,"8":0,"9":0,"10":0,"11":0,"12":0,"13":0,"14":0,"15":0,"16":0},"b":{"0":[1,1],"1":[0,1],"2":[0],"3":[0],"4":[0],"5":[0],"6":[0,0],"7":[0],"8":[0],"9":[0,0],"10":[0],"11":[0],"12":[0,0],"13":[0],"14":[0],"15":[0,0],"16":[0,0],"17":[0,0],"18":[0],"19":[0,0,0],"20":[0,0],"21":[0,0],"22":[0,0],"23":[0],"24":[0,0],"25":[0,0],"26":[0],"27":[0,0],"28":[0,0],"29":[0,0],"30":[0],"31":[0,0]}}
}
