TN:
SF:server/db.ts
FNF:0
FNH:0
DA:1,1
DA:2,1
DA:3,1
DA:4,1
DA:5,1
DA:7,1
DA:8,0
DA:16,1
DA:22,1
DA:24,1
DA:25,1
DA:28,0
DA:29,0
LF:13
LH:10
BRDA:7,0,0,0
BRDA:16,1,0,1
BRDA:16,1,1,0
BRDA:16,1,2,0
BRDA:22,2,0,1
BRDA:22,2,1,0
BRF:6
BRH:2
end_of_record
TN:
SF:server/storage.ts
FN:141,(anonymous_8)
FN:149,(anonymous_9)
FN:163,(anonymous_11)
FN:181,(anonymous_13)
FN:193,(anonymous_15)
FN:205,(anonymous_17)
FN:217,(anonymous_19)
FN:222,(anonymous_21)
FN:229,(anonymous_23)
FN:234,(anonymous_25)
FN:241,(anonymous_27)
FN:348,(anonymous_29)
FN:353,(anonymous_31)
FN:360,(anonymous_33)
FN:369,(anonymous_35)
FN:374,(anonymous_37)
FN:386,(anonymous_39)
FN:397,(anonymous_41)
FN:404,(anonymous_43)
FN:414,(anonymous_45)
FN:434,(anonymous_47)
FN:459,(anonymous_48)
FN:489,(anonymous_49)
FN:494,(anonymous_51)
FN:501,(anonymous_53)
FN:508,(anonymous_55)
FN:516,(anonymous_57)
FN:532,(anonymous_59)
FN:551,(anonymous_61)
FN:557,(anonymous_63)
FN:582,(anonymous_65)
FN:592,(anonymous_67)
FN:623,(anonymous_69)
FN:638,(anonymous_71)
FN:651,(anonymous_73)
FN:663,(anonymous_75)
FN:675,(anonymous_77)
FN:697,(anonymous_79)
FN:700,(anonymous_81)
FN:700,(anonymous_82)
FN:734,(anonymous_83)
FNF:41
FNH:1
FNDA:1,(anonymous_8)
FNDA:0,(anonymous_9)
FNDA:0,(anonymous_11)
FNDA:0,(anonymous_13)
FNDA:0,(anonymous_15)
FNDA:0,(anonymous_17)
FNDA:0,(anonymous_19)
FNDA:0,(anonymous_21)
FNDA:0,(anonymous_23)
FNDA:0,(anonymous_25)
FNDA:0,(anonymous_27)
FNDA:0,(anonymous_29)
FNDA:0,(anonymous_31)
FNDA:0,(anonymous_33)
FNDA:0,(anonymous_35)
FNDA:0,(anonymous_37)
FNDA:0,(anonymous_39)
FNDA:0,(anonymous_41)
FNDA:0,(anonymous_43)
FNDA:0,(anonymous_45)
FNDA:0,(anonymous_47)
FNDA:0,(anonymous_48)
FNDA:0,(anonymous_49)
FNDA:0,(anonymous_51)
FNDA:0,(anonymous_53)
FNDA:0,(anonymous_55)
FNDA:0,(anonymous_57)
FNDA:0,(anonymous_59)
FNDA:0,(anonymous_61)
FNDA:0,(anonymous_63)
FNDA:0,(anonymous_65)
FNDA:0,(anonymous_67)
FNDA:0,(anonymous_69)
FNDA:0,(anonymous_71)
FNDA:0,(anonymous_73)
FNDA:0,(anonymous_75)
FNDA:0,(anonymous_77)
FNDA:0,(anonymous_79)
FNDA:0,(anonymous_81)
FNDA:0,(anonymous_82)
FNDA:0,(anonymous_83)
DA:1,1
DA:3,1
DA:23,1
DA:24,1
DA:25,1
DA:26,1
DA:138,1
DA:142,1
DA:143,1
DA:150,0
DA:151,0
DA:152,0
DA:153,0
DA:154,0
DA:155,0
DA:157,0
DA:158,0
DA:159,0
DA:164,0
DA:165,0
DA:166,0
DA:167,0
DA:168,0
DA:169,0
DA:171,0
DA:172,0
DA:173,0
DA:185,0
DA:190,0
DA:197,0
DA:202,0
DA:209,0
DA:214,0
DA:218,0
DA:219,0
DA:223,0
DA:231,0
DA:235,0
DA:261,0
DA:264,0
DA:265,0
DA:276,0
DA:277,0
DA:281,0
DA:282,0
DA:286,0
DA:287,0
DA:291,0
DA:292,0
DA:293,0
DA:295,0
DA:296,0
DA:298,0
DA:307,0
DA:308,0
DA:310,0
DA:311,0
DA:315,0
DA:316,0
DA:320,0
DA:321,0
DA:325,0
DA:326,0
DA:327,0
DA:338,0
DA:345,0
DA:349,0
DA:350,0
DA:354,0
DA:361,0
DA:370,0
DA:371,0
DA:378,0
DA:383,0
DA:393,0
DA:394,0
DA:400,0
DA:401,0
DA:405,0
DA:406,0
DA:407,0
DA:409,0
DA:410,0
DA:419,0
DA:422,0
DA:434,0
DA:435,0
DA:436,0
DA:438,0
DA:439,0
DA:448,0
DA:449,0
DA:450,0
DA:452,0
DA:453,0
DA:458,0
DA:462,0
DA:465,0
DA:467,0
DA:481,0
DA:490,0
DA:491,0
DA:495,0
DA:502,0
DA:509,0
DA:513,0
DA:520,0
DA:529,0
DA:537,0
DA:542,0
DA:548,0
DA:552,0
DA:554,0
DA:559,0
DA:571,0
DA:572,0
DA:576,0
DA:579,0
DA:583,0
DA:589,0
DA:593,0
DA:620,0
DA:626,0
DA:627,0
DA:631,0
DA:633,0
DA:634,0
DA:639,0
DA:640,0
DA:644,0
DA:646,0
DA:647,0
DA:652,0
DA:653,0
DA:658,0
DA:659,0
DA:664,0
DA:665,0
DA:670,0
DA:671,0
DA:679,0
DA:680,0
DA:681,0
DA:682,0
DA:685,0
DA:690,0
DA:692,0
DA:693,0
DA:698,0
DA:700,0
DA:702,0
DA:710,0
DA:713,0
DA:721,0
DA:724,0
DA:727,0
DA:729,0
DA:730,0
DA:735,0
DA:737,0
DA:740,0
DA:743,0
DA:747,0
DA:751,0
DA:755,0
DA:759,0
DA:762,0
DA:777,0
DA:778,0
DA:783,1
LF:170
LH:10
BRDA:155,0,0,0
BRDA:155,0,1,0
BRDA:169,1,0,0
BRDA:169,1,1,0
BRDA:190,2,0,0
BRDA:190,2,1,0
BRDA:202,3,0,0
BRDA:202,3,1,0
BRDA:214,4,0,0
BRDA:214,4,1,0
BRDA:264,5,0,0
BRDA:276,6,0,0
BRDA:276,7,0,0
BRDA:276,7,1,0
BRDA:276,8,0,0
BRDA:276,8,1,0
BRDA:276,9,0,0
BRDA:276,9,1,0
BRDA:281,10,0,0
BRDA:281,11,0,0
BRDA:281,11,1,0
BRDA:281,12,0,0
BRDA:281,12,1,0
BRDA:281,13,0,0
BRDA:281,13,1,0
BRDA:286,14,0,0
BRDA:286,15,0,0
BRDA:286,15,1,0
BRDA:286,16,0,0
BRDA:286,16,1,0
BRDA:291,17,0,0
BRDA:291,18,0,0
BRDA:291,18,1,0
BRDA:291,19,0,0
BRDA:291,19,1,0
BRDA:307,20,0,0
BRDA:307,21,0,0
BRDA:307,21,1,0
BRDA:307,22,0,0
BRDA:307,22,1,0
BRDA:310,23,0,0
BRDA:310,24,0,0
BRDA:310,24,1,0
BRDA:310,25,0,0
BRDA:310,25,1,0
BRDA:315,26,0,0
BRDA:315,27,0,0
BRDA:315,27,1,0
BRDA:315,28,0,0
BRDA:315,28,1,0
BRDA:320,29,0,0
BRDA:320,30,0,0
BRDA:320,30,1,0
BRDA:320,31,0,0
BRDA:320,31,1,0
BRDA:325,32,0,0
BRDA:325,33,0,0
BRDA:325,33,1,0
BRDA:325,34,0,0
BRDA:325,34,1,0
BRDA:341,35,0,0
BRDA:341,35,1,0
BRDA:350,36,0,0
BRDA:350,36,1,0
BRDA:383,37,0,0
BRDA:383,37,1,0
BRDA:394,38,0,0
BRDA:394,38,1,0
BRDA:401,39,0,0
BRDA:401,39,1,0
BRDA:407,40,0,0
BRDA:407,40,1,0
BRDA:435,41,0,0
BRDA:435,41,1,0
BRDA:436,42,0,0
BRDA:436,42,1,0
BRDA:438,43,0,0
BRDA:452,44,0,0
BRDA:462,45,0,0
BRDA:462,45,1,0
BRDA:474,46,0,0
BRDA:474,46,1,0
BRDA:513,47,0,0
BRDA:513,47,1,0
BRDA:529,48,0,0
BRDA:529,48,1,0
BRDA:539,49,0,0
BRDA:539,49,1,0
BRDA:548,50,0,0
BRDA:548,50,1,0
BRDA:571,51,0,0
BRDA:681,52,0,0
BRDA:763,53,0,0
BRDA:763,53,1,0
BRF:94
BRH:0
end_of_record
TN:
SF:server/utils/logger.ts
FN:3,(anonymous_0)
FN:24,(anonymous_1)
FN:29,(anonymous_2)
FN:38,(anonymous_3)
FN:42,(anonymous_4)
FN:54,(anonymous_5)
FN:68,(anonymous_6)
FN:79,(anonymous_7)
FN:90,(anonymous_8)
FN:101,(anonymous_9)
FN:113,(anonymous_10)
FN:141,(anonymous_11)
FN:152,(anonymous_12)
FN:164,(anonymous_13)
FN:169,(anonymous_14)
FN:183,requestLoggingMiddleware
FN:189,(anonymous_16)
FNF:17
FNH:2
FNDA:1,(anonymous_0)
FNDA:1,(anonymous_1)
FNDA:0,(anonymous_2)
FNDA:0,(anonymous_3)
FNDA:0,(anonymous_4)
FNDA:0,(anonymous_5)
FNDA:0,(anonymous_6)
FNDA:0,(anonymous_7)
FNDA:0,(anonymous_8)
FNDA:0,(anonymous_9)
FNDA:0,(anonymous_10)
FNDA:0,(anonymous_11)
FNDA:0,(anonymous_12)
FNDA:0,(anonymous_13)
FNDA:0,(anonymous_14)
FNDA:0,requestLoggingMiddleware
FNDA:0,(anonymous_16)
DA:3,1
DA:4,1
DA:5,1
DA:6,1
DA:7,1
DA:25,1
DA:26,1
DA:30,0
DA:39,0
DA:43,0
DA:55,0
DA:57,0
DA:58,0
DA:61,0
DA:62,0
DA:65,0
DA:69,0
DA:71,0
DA:72,0
DA:74,0
DA:75,0
DA:80,0
DA:82,0
DA:83,0
DA:85,0
DA:86,0
DA:91,0
DA:93,0
DA:94,0
DA:96,0
DA:97,0
DA:102,0
DA:104,0
DA:105,0
DA:107,0
DA:108,0
DA:114,0
DA:115,0
DA:116,0
DA:117,0
DA:118,0
DA:121,0
DA:122,0
DA:125,0
DA:127,0
DA:128,0
DA:129,0
DA:130,0
DA:131,0
DA:133,0
DA:134,0
DA:136,0
DA:142,0
DA:143,0
DA:144,0
DA:146,0
DA:153,0
DA:154,0
DA:156,0
DA:157,0
DA:159,0
DA:165,0
DA:170,0
DA:172,0
DA:173,0
DA:175,0
DA:180,1
DA:183,1
DA:184,0
DA:185,0
DA:187,0
DA:189,0
DA:190,0
DA:191,0
DA:194,0
LF:75
LH:9
BRDA:3,0,0,1
BRDA:3,0,1,1
BRDA:25,1,0,0
BRDA:25,1,1,1
BRDA:57,2,0,0
BRDA:61,3,0,0
BRDA:69,4,0,0
BRDA:74,5,0,0
BRDA:74,6,0,0
BRDA:74,6,1,0
BRDA:80,7,0,0
BRDA:85,8,0,0
BRDA:85,9,0,0
BRDA:85,9,1,0
BRDA:91,10,0,0
BRDA:96,11,0,0
BRDA:96,12,0,0
BRDA:96,12,1,0
BRDA:102,13,0,0
BRDA:107,14,0,0
BRDA:107,15,0,0
BRDA:107,15,1,0
BRDA:114,16,0,0
BRDA:114,16,1,0
BRDA:114,17,0,0
BRDA:114,17,1,0
BRDA:121,18,0,0
BRDA:121,19,0,0
BRDA:121,19,1,0
BRDA:121,19,2,0
BRDA:127,20,0,0
BRDA:127,20,1,0
BRDA:129,21,0,0
BRDA:129,21,1,0
BRDA:131,22,0,0
BRDA:131,22,1,0
BRDA:134,23,0,0
BRDA:134,24,0,0
BRDA:134,24,1,0
BRDA:142,25,0,0
BRDA:142,25,1,0
BRDA:144,26,0,0
BRDA:153,27,0,0
BRDA:153,27,1,0
BRDA:153,28,0,0
BRDA:153,28,1,0
BRDA:156,29,0,0
BRDA:156,29,1,0
BRDA:169,30,0,0
BRDA:172,31,0,0
BRDA:172,31,1,0
BRF:51
BRH:3
end_of_record
